digitalis/modules/digitalis-share/android/build/intermediates/manifest_merge_blame_file/debug/manifest-merger-blame-debug-report.txt
1<?xml version="1.0" encoding="utf-8"?>
2<manifest xmlns:android="http://schemas.android.com/apk/res/android"
3    package="expo.modules.digitalisshare" >
4
5    <uses-sdk android:minSdkVersion="23" />
6
7    <uses-permission android:name="android.permission.BLUETOOTH_CONNECT" />
7-->src/main/AndroidManifest.xml:4:5-76
7-->src/main/AndroidManifest.xml:4:22-73
8    <uses-permission android:name="android.permission.BLUETOOTH" />
8-->src/main/AndroidManifest.xml:5:5-68
8-->src/main/AndroidManifest.xml:5:22-65
9    <uses-permission android:name="android.permission.BLUETOOTH_ADMIN" />
9-->src/main/AndroidManifest.xml:6:5-74
9-->src/main/AndroidManifest.xml:6:22-71
10
11</manifest>